<?xml version="1.0" encoding="UTF-8"?>
<!-- Generated by org.testng.reporters.JUnitReportReporter -->
<testsuite skipped="0" hostname="Dell-PC" name="icm.Requestor" tests="1" failures="0" timestamp="13 May 2017 12:51:24 GMT" time="0.013" errors="0">
  <testcase name="login" time="0.013" classname="icm.Requestor"/>
</testsuite> <!-- icm.Requestor -->
