<?xml version="1.0" encoding="UTF-8"?>
<!-- Generated by org.testng.reporters.JUnitReportReporter -->
<testsuite skipped="0" hostname="Dell-PC" name="icm.ICMWEB" tests="10" failures="0" timestamp="01 Jun 2017 14:47:48 GMT" time="73.682" errors="0">
  <testcase name="Login" time="10.268" classname="icm.ICMWEB"/>
  <testcase name="Company" time="3.267" classname="icm.ICMWEB"/>
  <testcase name="Category" time="3.472" classname="icm.ICMWEB"/>
  <testcase name="Location" time="2.287" classname="icm.ICMWEB"/>
  <testcase name="CategoryLocationRelation" time="2.415" classname="icm.ICMWEB"/>
  <testcase name="Template" time="32.200" classname="icm.ICMWEB"/>
  <testcase name="User" time="6.033" classname="icm.ICMWEB"/>
  <testcase name="UserGroup" time="2.188" classname="icm.ICMWEB"/>
  <testcase name="UserGroupRelation" time="4.586" classname="icm.ICMWEB"/>
  <testcase name="Contract" time="6.966" classname="icm.ICMWEB"/>
</testsuite> <!-- icm.ICMWEB -->
