<?xml version="1.0" encoding="UTF-8"?>
<!-- Generated by org.testng.reporters.JUnitReportReporter -->
<testsuite skipped="0" hostname="Dell-PC" name="icm.CreateNewRequest" tests="8" failures="0" timestamp="02 Jun 2017 16:21:28 GMT" time="124.668" errors="0">
  <testcase name="Login" time="45.171" classname="icm.CreateNewRequest"/>
  <testcase name="ClickonNewRequest" time="3.257" classname="icm.CreateNewRequest"/>
  <testcase name="ChooseFaultType" time="9.497" classname="icm.CreateNewRequest"/>
  <testcase name="Priority" time="14.571" classname="icm.CreateNewRequest"/>
  <testcase name="InitialInformation" time="16.729" classname="icm.CreateNewRequest"/>
  <testcase name="CheckBoxInformation" time="12.664" classname="icm.CreateNewRequest"/>
  <testcase name="InventoryCheck" time="6.174" classname="icm.CreateNewRequest"/>
  <testcase name="SubmitRequest" time="16.605" classname="icm.CreateNewRequest"/>
</testsuite> <!-- icm.CreateNewRequest -->
