<?xml version="1.0" encoding="UTF-8"?>
<!-- Generated by org.testng.reporters.JUnitReportReporter -->
<testsuite skipped="7" hostname="Dell-PC" name="icm.Requestor" tests="8" failures="0" timestamp="27 May 2017 07:56:33 GMT" time="11.866" errors="1">
  <testcase name="login" time="11.866" classname="icm.Requestor">
    <error type="org.openqa.selenium.WebDriverException" message="An unknown server-side error occurred while processing the command. (WARNING: The server did not provide any stacktrace information)
Command duration or timeout: 158 milliseconds
Build info: version: &#039;unknown&#039;, revision: &#039;b526bd5&#039;, time: &#039;2017-03-07 11:11:07 -0800&#039;
System info: host: &#039;DELL-PC&#039;, ip: &#039;192.168.1.20&#039;, os.name: &#039;Windows 7&#039;, os.arch: &#039;amd64&#039;, os.version: &#039;6.1&#039;, java.version: &#039;1.8.0_121&#039;
Driver info: io.appium.java_client.android.AndroidDriver
Capabilities [{app=C:\Users\Dell\workspace\ICM\APK\ICM.apk, appPackage=com.ionicframework.imsv1630062, networkConnectionEnabled=true, warnings={}, databaseEnabled=false, deviceName=494dd0f20803, version=6.0.1, platform=LINUX, appActivity=com.ionicframework.imsv1630062.MainActivity, desired={app=C:\Users\Dell\workspace\ICM\APK\ICM.apk, appPackage=com.ionicframework.imsv1630062, appActivity=com.ionicframework.imsv1630062.MainActivity, browserName=Android, platformName=Android, deviceName=494dd0f20803, version=6.0.1}, platformVersion=6.0.1, webStorageEnabled=false, locationContextEnabled=false, browserName=Android, takesScreenshot=true, javascriptEnabled=true, platformName=Android}]
Session ID: 871f825f-d1ae-4da9-b17f-b6822d30d30f">
      <![CDATA[org.openqa.selenium.WebDriverException: An unknown server-side error occurred while processing the command. (WARNING: The server did not provide any stacktrace information)
Command duration or timeout: 158 milliseconds
Build info: version: 'unknown', revision: 'b526bd5', time: '2017-03-07 11:11:07 -0800'
System info: host: 'DELL-PC', ip: '192.168.1.20', os.name: 'Windows 7', os.arch: 'amd64', os.version: '6.1', java.version: '1.8.0_121'
Driver info: io.appium.java_client.android.AndroidDriver
Capabilities [{app=C:\Users\Dell\workspace\ICM\APK\ICM.apk, appPackage=com.ionicframework.imsv1630062, networkConnectionEnabled=true, warnings={}, databaseEnabled=false, deviceName=494dd0f20803, version=6.0.1, platform=LINUX, appActivity=com.ionicframework.imsv1630062.MainActivity, desired={app=C:\Users\Dell\workspace\ICM\APK\ICM.apk, appPackage=com.ionicframework.imsv1630062, appActivity=com.ionicframework.imsv1630062.MainActivity, browserName=Android, platformName=Android, deviceName=494dd0f20803, version=6.0.1}, platformVersion=6.0.1, webStorageEnabled=false, locationContextEnabled=false, browserName=Android, takesScreenshot=true, javascriptEnabled=true, platformName=Android}]
Session ID: 871f825f-d1ae-4da9-b17f-b6822d30d30f
	at sun.reflect.NativeConstructorAccessorImpl.newInstance0(Native Method)
	at sun.reflect.NativeConstructorAccessorImpl.newInstance(Unknown Source)
	at sun.reflect.DelegatingConstructorAccessorImpl.newInstance(Unknown Source)
	at java.lang.reflect.Constructor.newInstance(Unknown Source)
	at org.openqa.selenium.remote.ErrorHandler.createThrowable(ErrorHandler.java:216)
	at org.openqa.selenium.remote.ErrorHandler.throwIfResponseFailed(ErrorHandler.java:168)
	at org.openqa.selenium.remote.RemoteWebDriver.execute(RemoteWebDriver.java:638)
	at io.appium.java_client.DefaultGenericMobileDriver.execute(DefaultGenericMobileDriver.java:42)
	at io.appium.java_client.AppiumDriver.execute(AppiumDriver.java:1)
	at io.appium.java_client.android.AndroidDriver.execute(AndroidDriver.java:1)
	at org.openqa.selenium.remote.RemoteWebElement.execute(RemoteWebElement.java:274)
	at io.appium.java_client.DefaultGenericMobileElement.execute(DefaultGenericMobileElement.java:45)
	at io.appium.java_client.MobileElement.execute(MobileElement.java:1)
	at io.appium.java_client.android.AndroidElement.execute(AndroidElement.java:1)
	at org.openqa.selenium.remote.RemoteWebElement.sendKeys(RemoteWebElement.java:98)
	at icm.Requestor.login(Requestor.java:84)
	at sun.reflect.NativeMethodAccessorImpl.invoke0(Native Method)
	at sun.reflect.NativeMethodAccessorImpl.invoke(Unknown Source)
	at sun.reflect.DelegatingMethodAccessorImpl.invoke(Unknown Source)
	at java.lang.reflect.Method.invoke(Unknown Source)
	at org.testng.internal.MethodInvocationHelper.invokeMethod(MethodInvocationHelper.java:108)
	at org.testng.internal.Invoker.invokeMethod(Invoker.java:661)
	at org.testng.internal.Invoker.invokeTestMethod(Invoker.java:869)
	at org.testng.internal.Invoker.invokeTestMethods(Invoker.java:1193)
	at org.testng.internal.TestMethodWorker.invokeTestMethods(TestMethodWorker.java:126)
	at org.testng.internal.TestMethodWorker.run(TestMethodWorker.java:109)
	at org.testng.TestRunner.privateRun(TestRunner.java:744)
	at org.testng.TestRunner.run(TestRunner.java:602)
	at org.testng.SuiteRunner.runTest(SuiteRunner.java:380)
	at org.testng.SuiteRunner.runSequentially(SuiteRunner.java:375)
	at org.testng.SuiteRunner.privateRun(SuiteRunner.java:340)
	at org.testng.SuiteRunner.run(SuiteRunner.java:289)
	at org.testng.SuiteRunnerWorker.runSuite(SuiteRunnerWorker.java:52)
	at org.testng.SuiteRunnerWorker.run(SuiteRunnerWorker.java:86)
	at org.testng.TestNG.runSuitesSequentially(TestNG.java:1301)
	at org.testng.TestNG.runSuitesLocally(TestNG.java:1226)
	at org.testng.TestNG.runSuites(TestNG.java:1144)
	at org.testng.TestNG.run(TestNG.java:1115)
	at org.testng.remote.AbstractRemoteTestNG.run(AbstractRemoteTestNG.java:132)
	at org.testng.remote.RemoteTestNG.initAndRun(RemoteTestNG.java:230)
	at org.testng.remote.RemoteTestNG.main(RemoteTestNG.java:76)
]]>
    </error>
  </testcase> <!-- login -->
  <testcase name="InventoryCheck" classname="icm.Requestor">
    <skipped/>
  </testcase> <!-- InventoryCheck -->
  <testcase name="ClickonNewRequest" classname="icm.Requestor">
    <skipped/>
  </testcase> <!-- ClickonNewRequest -->
  <testcase name="Priority" classname="icm.Requestor">
    <skipped/>
  </testcase> <!-- Priority -->
  <testcase name="InitialInformation" classname="icm.Requestor">
    <skipped/>
  </testcase> <!-- InitialInformation -->
  <testcase name="ChooseFaultType" classname="icm.Requestor">
    <skipped/>
  </testcase> <!-- ChooseFaultType -->
  <testcase name="SubmitRequest" classname="icm.Requestor">
    <skipped/>
  </testcase> <!-- SubmitRequest -->
  <testcase name="CheckBoxInformation" classname="icm.Requestor">
    <skipped/>
  </testcase> <!-- CheckBoxInformation -->
</testsuite> <!-- icm.Requestor -->
